[1226/181522.192:ERROR:process_info.cc(359)] UncheckedAllocate
[1226/182154.924:ERROR:process_info.cc(359)] UncheckedAllocate
[1226/182155.797:ERROR:process_memory_win.cc(73)] ReadMemory at 0x7ff7da8e0000 of 64 bytes failed: Only part of a ReadProcessMemory or WriteProcessMemory request was completed. (0x12B)
[1226/182155.798:WARNING:pe_image_reader.cc(340)] could not read dos header from C:\Program Files (x86)\Google\Chrome\Application\chrome.exe
[1226/182155.798:ERROR:process_memory_win.cc(73)] ReadMemory at 0x7ff849650000 of 64 bytes failed: Only part of a ReadProcessMemory or WriteProcessMemory request was completed. (0x12B)
[1226/182155.798:WARNING:pe_image_reader.cc(340)] could not read dos header from C:\WINDOWS\SYSTEM32\ntdll.dll
[1226/182155.809:ERROR:process_memory_win.cc(73)] ReadMemory at 0x7ff848ca0000 of 64 bytes failed: Only part of a ReadProcessMemory or WriteProcessMemory request was completed. (0x12B)
[1226/182155.810:WARNING:pe_image_reader.cc(340)] could not read dos header from C:\WINDOWS\System32\KERNEL32.DLL
[1226/182155.810:ERROR:process_memory_win.cc(73)] ReadMemory at 0x7ff845e70000 of 64 bytes failed: Only part of a ReadProcessMemory or WriteProcessMemory request was completed. (0x12B)
[1226/182155.811:WARNING:pe_image_reader.cc(340)] could not read dos header from C:\WINDOWS\System32\KERNELBASE.dll
[1226/182155.811:ERROR:process_memory_win.cc(73)] ReadMemory at 0x7ff8351a0000 of 64 bytes failed: Only part of a ReadProcessMemory or WriteProcessMemory request was completed. (0x12B)
[1226/182155.811:WARNING:pe_image_reader.cc(340)] could not read dos header from C:\Program Files (x86)\Google\Chrome\Application\79.0.3945.88\chrome_elf.dll
[1226/182155.811:ERROR:process_memory_win.cc(73)] ReadMemory at 0x7ff8375a0000 of 64 bytes failed: Only part of a ReadProcessMemory or WriteProcessMemory request was completed. (0x12B)
[1226/182155.811:WARNING:pe_image_reader.cc(340)] could not read dos header from C:\WINDOWS\SYSTEM32\VERSION.dll
[1226/182155.811:ERROR:process_memory_win.cc(73)] ReadMemory at 0x7ff8487b0000 of 64 bytes failed: Only part of a ReadProcessMemory or WriteProcessMemory request was completed. (0x12B)
[1226/182155.811:WARNING:pe_image_reader.cc(340)] could not read dos header from C:\WINDOWS\System32\msvcrt.dll
[1226/182155.812:ERROR:process_memory_win.cc(73)] ReadMemory at 0x7ff845d60000 of 64 bytes failed: Only part of a ReadProcessMemory or WriteProcessMemory request was completed. (0x12B)
[1226/182155.812:WARNING:pe_image_reader.cc(340)] could not read dos header from C:\WINDOWS\System32\bcryptPrimitives.dll
[1226/182155.812:ERROR:process_memory_win.cc(73)] ReadMemory at 0x7ff848bf0000 of 64 bytes failed: Only part of a ReadProcessMemory or WriteProcessMemory request was completed. (0x12B)
[1226/182155.812:WARNING:pe_image_reader.cc(340)] could not read dos header from C:\WINDOWS\System32\ADVAPI32.dll
[1226/182155.812:ERROR:process_memory_win.cc(73)] ReadMemory at 0x7ff846d00000 of 64 bytes failed: Only part of a ReadProcessMemory or WriteProcessMemory request was completed. (0x12B)
[1226/182155.812:WARNING:pe_image_reader.cc(340)] could not read dos header from C:\WINDOWS\System32\sechost.dll
[1226/182155.812:ERROR:process_memory_win.cc(73)] ReadMemory at 0x7ff8488c0000 of 64 bytes failed: Only part of a ReadProcessMemory or WriteProcessMemory request was completed. (0x12B)
[1226/182155.812:WARNING:pe_image_reader.cc(340)] could not read dos header from C:\WINDOWS\System32\RPCRT4.dll
[1226/182155.812:ERROR:process_memory_win.cc(73)] ReadMemory at 0x7ffffa9a0000 of 64 bytes failed: Only part of a ReadProcessMemory or WriteProcessMemory request was completed. (0x12B)
[1226/182155.812:WARNING:pe_image_reader.cc(340)] could not read dos header from C:\Program Files (x86)\Google\Chrome\Application\79.0.3945.88\chrome_child.dll
[1226/182155.813:ERROR:process_memory_win.cc(73)] ReadMemory at 0x7ff848470000 of 64 bytes failed: Only part of a ReadProcessMemory or WriteProcessMemory request was completed. (0x12B)
[1226/182155.813:WARNING:pe_image_reader.cc(340)] could not read dos header from C:\WINDOWS\System32\OLEAUT32.dll
[1226/182155.813:ERROR:process_memory_win.cc(73)] ReadMemory at 0x7ff845dd0000 of 64 bytes failed: Only part of a ReadProcessMemory or WriteProcessMemory request was completed. (0x12B)
[1226/182155.814:WARNING:pe_image_reader.cc(340)] could not read dos header from C:\WINDOWS\System32\msvcp_win.dll
[1226/182155.814:ERROR:process_memory_win.cc(73)] ReadMemory at 0x7ff8460e0000 of 64 bytes failed: Only part of a ReadProcessMemory or WriteProcessMemory request was completed. (0x12B)
[1226/182155.814:WARNING:pe_image_reader.cc(340)] could not read dos header from C:\WINDOWS\System32\ucrtbase.dll
[1226/182155.814:ERROR:process_memory_win.cc(73)] ReadMemory at 0x7ff848850000 of 64 bytes failed: Only part of a ReadProcessMemory or WriteProcessMemory request was completed. (0x12B)
[1226/182155.816:WARNING:pe_image_reader.cc(340)] could not read dos header from C:\WINDOWS\System32\WS2_32.dll
[1226/182155.817:ERROR:process_memory_win.cc(73)] ReadMemory at 0x7ff845b70000 of 64 bytes failed: Only part of a ReadProcessMemory or WriteProcessMemory request was completed. (0x12B)
[1226/182155.820:WARNING:pe_image_reader.cc(340)] could not read dos header from C:\WINDOWS\System32\WINTRUST.dll
[1226/182155.820:ERROR:process_memory_win.cc(73)] ReadMemory at 0x7ff845ac0000 of 64 bytes failed: Only part of a ReadProcessMemory or WriteProcessMemory request was completed. (0x12B)
[1226/182155.820:WARNING:pe_image_reader.cc(340)] could not read dos header from C:\WINDOWS\System32\MSASN1.dll
[1226/182155.820:ERROR:process_memory_win.cc(73)] ReadMemory at 0x7ff8461e0000 of 64 bytes failed: Only part of a ReadProcessMemory or WriteProcessMemory request was completed. (0x12B)
[1226/182155.824:WARNING:pe_image_reader.cc(340)] could not read dos header from C:\WINDOWS\System32\CRYPT32.dll
[1226/182155.824:ERROR:process_memory_win.cc(73)] ReadMemory at 0x7ff844de0000 of 64 bytes failed: Only part of a ReadProcessMemory or WriteProcessMemory request was completed. (0x12B)
[1226/182155.825:WARNING:pe_image_reader.cc(340)] could not read dos header from C:\WINDOWS\SYSTEM32\IPHLPAPI.DLL
[1226/182155.825:ERROR:process_memory_win.cc(73)] ReadMemory at 0x7ff843bd0000 of 64 bytes failed: Only part of a ReadProcessMemory or WriteProcessMemory request was completed. (0x12B)
[1226/182155.825:WARNING:pe_image_reader.cc(340)] could not read dos header from C:\WINDOWS\SYSTEM32\WINMM.dll
[1226/182155.825:ERROR:process_memory_win.cc(73)] ReadMemory at 0x7ff8459c0000 of 64 bytes failed: Only part of a ReadProcessMemory or WriteProcessMemory request was completed. (0x12B)
[1226/182155.825:WARNING:pe_image_reader.cc(340)] could not read dos header from C:\WINDOWS\SYSTEM32\USERENV.dll
[1226/182155.825:ERROR:process_memory_win.cc(73)] ReadMemory at 0x7ff845ae0000 of 64 bytes failed: Only part of a ReadProcessMemory or WriteProcessMemory request was completed. (0x12B)
[1226/182155.825:WARNING:pe_image_reader.cc(340)] could not read dos header from C:\WINDOWS\System32\profapi.dll
[1226/182155.825:ERROR:process_memory_win.cc(73)] ReadMemory at 0x7ff83ac60000 of 64 bytes failed: Only part of a ReadProcessMemory or WriteProcessMemory request was completed. (0x12B)
[1226/182155.825:WARNING:pe_image_reader.cc(340)] could not read dos header from C:\WINDOWS\SYSTEM32\DWrite.dll
[1226/182155.826:ERROR:process_memory_win.cc(73)] ReadMemory at 0x7ff8406b0000 of 64 bytes failed: Only part of a ReadProcessMemory or WriteProcessMemory request was completed. (0x12B)
[1226/182155.826:WARNING:pe_image_reader.cc(340)] could not read dos header from C:\WINDOWS\SYSTEM32\WINSPOOL.DRV
[1226/182155.826:ERROR:process_memory_win.cc(73)] ReadMemory at 0x7ff845600000 of 64 bytes failed: Only part of a ReadProcessMemory or WriteProcessMemory request was completed. (0x12B)
[1226/182155.826:WARNING:pe_image_reader.cc(340)] could not read dos header from C:\WINDOWS\SYSTEM32\dbghelp.dll
[1226/182155.826:ERROR:process_memory_win.cc(73)] ReadMemory at 0x7ff842710000 of 64 bytes failed: Only part of a ReadProcessMemory or WriteProcessMemory request was completed. (0x12B)
[1226/182155.826:WARNING:pe_image_reader.cc(340)] could not read dos header from C:\WINDOWS\SYSTEM32\Secur32.dll
[1226/182155.828:ERROR:process_memory_win.cc(73)] ReadMemory at 0x7ff837660000 of 64 bytes failed: Only part of a ReadProcessMemory or WriteProcessMemory request was completed. (0x12B)
[1226/182155.829:WARNING:pe_image_reader.cc(340)] could not read dos header from C:\WINDOWS\SYSTEM32\WINHTTP.dll
[1226/182155.829:ERROR:process_memory_win.cc(73)] ReadMemory at 0x7ff83dd30000 of 64 bytes failed: Only part of a ReadProcessMemory or WriteProcessMemory request was completed. (0x12B)
[1226/182155.829:WARNING:pe_image_reader.cc(340)] could not read dos header from C:\WINDOWS\SYSTEM32\dhcpcsvc.DLL
[1226/182155.829:ERROR:process_memory_win.cc(73)] ReadMemory at 0x7ff848a20000 of 64 bytes failed: Only part of a ReadProcessMemory or WriteProcessMemory request was completed. (0x12B)
[1226/182155.830:WARNING:pe_image_reader.cc(340)] could not read dos header from C:\WINDOWS\System32\NSI.dll
[1226/182155.830:ERROR:process_memory_win.cc(73)] ReadMemory at 0x7ff8438e0000 of 64 bytes failed: Only part of a ReadProcessMemory or WriteProcessMemory request was completed. (0x12B)
[1226/182155.830:WARNING:pe_image_reader.cc(340)] could not read dos header from C:\WINDOWS\SYSTEM32\WINMMBASE.dll
[1226/182155.830:ERROR:process_memory_win.cc(73)] ReadMemory at 0x7ff846ab0000 of 64 bytes failed: Only part of a ReadProcessMemory or WriteProcessMemory request was completed. (0x12B)
[1226/182155.830:WARNING:pe_image_reader.cc(340)] could not read dos header from C:\WINDOWS\System32\cfgmgr32.dll
[1226/182155.830:ERROR:process_memory_win.cc(73)] ReadMemory at 0x7ff845990000 of 64 bytes failed: Only part of a ReadProcessMemory or WriteProcessMemory request was completed. (0x12B)
[1226/182155.832:WARNING:pe_image_reader.cc(340)] could not read dos header from C:\WINDOWS\SYSTEM32\bcrypt.dll
[1226/182155.832:ERROR:process_memory_win.cc(73)] ReadMemory at 0x7ff8459f0000 of 64 bytes failed: Only part of a ReadProcessMemory or WriteProcessMemory request was completed. (0x12B)
[1226/182155.832:WARNING:pe_image_reader.cc(340)] could not read dos header from C:\WINDOWS\SYSTEM32\SSPICLI.DLL
[1226/182155.832:ERROR:process_memory_win.cc(73)] ReadMemory at 0x29fe9440000 of 64 bytes failed: Only part of a ReadProcessMemory or WriteProcessMemory request was completed. (0x12B)
[1226/182155.832:WARNING:pe_image_reader.cc(340)] could not read dos header from C:\WINDOWS\System32\combase.dll
[1226/182155.835:ERROR:process_memory_win.cc(73)] ReadMemory at 0x7ff846ee0000 of 64 bytes failed: Only part of a ReadProcessMemory or WriteProcessMemory request was completed. (0x12B)
[1226/182155.835:WARNING:pe_image_reader.cc(340)] could not read dos header from C:\WINDOWS\System32\SHELL32.dll
[1226/182155.836:ERROR:process_memory_win.cc(73)] ReadMemory at 0x7ff848a90000 of 64 bytes failed: Only part of a ReadProcessMemory or WriteProcessMemory request was completed. (0x12B)
[1226/182155.836:WARNING:pe_image_reader.cc(340)] could not read dos header from C:\WINDOWS\System32\shcore.dll
[1226/182155.836:ERROR:process_memory_win.cc(73)] ReadMemory at 0x7ff8463b0000 of 64 bytes failed: Only part of a ReadProcessMemory or WriteProcessMemory request was completed. (0x12B)
[1226/182155.836:WARNING:pe_image_reader.cc(340)] could not read dos header from C:\WINDOWS\System32\windows.storage.dll
[1226/182155.836:ERROR:process_memory_win.cc(73)] ReadMemory at 0x7ff848750000 of 64 bytes failed: Only part of a ReadProcessMemory or WriteProcessMemory request was completed. (0x12B)
[1226/182155.836:WARNING:pe_image_reader.cc(340)] could not read dos header from C:\WINDOWS\System32\shlwapi.dll
[1226/182155.839:ERROR:process_memory_win.cc(73)] ReadMemory at 0x7ff8489f0000 of 64 bytes failed: Only part of a ReadProcessMemory or WriteProcessMemory request was completed. (0x12B)
[1226/182155.840:WARNING:pe_image_reader.cc(340)] could not read dos header from C:\WINDOWS\System32\GDI32.dll
[1226/182155.840:ERROR:process_memory_win.cc(73)] ReadMemory at 0x7ff845bd0000 of 64 bytes failed: Only part of a ReadProcessMemory or WriteProcessMemory request was completed. (0x12B)
[1226/182155.840:WARNING:pe_image_reader.cc(340)] could not read dos header from C:\WINDOWS\System32\gdi32full.dll
[1226/182155.840:ERROR:process_memory_win.cc(73)] ReadMemory at 0x7ff846bb0000 of 64 bytes failed: Only part of a ReadProcessMemory or WriteProcessMemory request was completed. (0x12B)
[1226/182155.840:WARNING:pe_image_reader.cc(340)] could not read dos header from C:\WINDOWS\System32\USER32.dll
[1226/182155.843:ERROR:process_memory_win.cc(73)] ReadMemory at 0x7ff8460c0000 of 64 bytes failed: Only part of a ReadProcessMemory or WriteProcessMemory request was completed. (0x12B)
[1226/182155.843:WARNING:pe_image_reader.cc(340)] could not read dos header from C:\WINDOWS\System32\win32u.dll
[1226/182155.843:ERROR:process_memory_win.cc(73)] ReadMemory at 0x7ff845b50000 of 64 bytes failed: Only part of a ReadProcessMemory or WriteProcessMemory request was completed. (0x12B)
[1226/182155.846:WARNING:pe_image_reader.cc(340)] could not read dos header from C:\WINDOWS\System32\kernel.appcore.dll
[1226/182155.846:ERROR:process_memory_win.cc(73)] ReadMemory at 0x7ff845b00000 of 64 bytes failed: Only part of a ReadProcessMemory or WriteProcessMemory request was completed. (0x12B)
[1226/182155.847:WARNING:pe_image_reader.cc(340)] could not read dos header from C:\WINDOWS\System32\powrprof.dll
[1226/182155.848:ERROR:process_memory_win.cc(73)] ReadMemory at 0x7ff848b40000 of 64 bytes failed: Only part of a ReadProcessMemory or WriteProcessMemory request was completed. (0x12B)
[1226/182155.848:WARNING:pe_image_reader.cc(340)] could not read dos header from C:\WINDOWS\System32\IMM32.DLL
[1226/182155.849:ERROR:process_memory_win.cc(73)] ReadMemory at 0x7ff8451e0000 of 64 bytes failed: Only part of a ReadProcessMemory or WriteProcessMemory request was completed. (0x12B)
[1226/182155.852:WARNING:pe_image_reader.cc(340)] could not read dos header from C:\WINDOWS\SYSTEM32\CRYPTBASE.DLL
[1226/182155.852:ERROR:process_memory_win.cc(73)] ReadMemory at 0x7ff7da8e0000 of 64 bytes failed: Only part of a ReadProcessMemory or WriteProcessMemory request was completed. (0x12B)
[1226/182155.853:WARNING:pe_image_reader.cc(340)] could not read dos header from C:\Program Files (x86)\Google\Chrome\Application\chrome.exe
[1226/182155.853:ERROR:process_memory_win.cc(73)] ReadMemory at 0x7ff849650000 of 64 bytes failed: Only part of a ReadProcessMemory or WriteProcessMemory request was completed. (0x12B)
[1226/182155.853:WARNING:pe_image_reader.cc(340)] could not read dos header from C:\WINDOWS\SYSTEM32\ntdll.dll
[1226/182155.853:ERROR:process_memory_win.cc(73)] ReadMemory at 0x7ff848ca0000 of 64 bytes failed: Only part of a ReadProcessMemory or WriteProcessMemory request was completed. (0x12B)
[1226/182155.853:WARNING:pe_image_reader.cc(340)] could not read dos header from C:\WINDOWS\System32\KERNEL32.DLL
[1226/182155.853:ERROR:process_memory_win.cc(73)] ReadMemory at 0x7ff845e70000 of 64 bytes failed: Only part of a ReadProcessMemory or WriteProcessMemory request was completed. (0x12B)
[1226/182155.853:WARNING:pe_image_reader.cc(340)] could not read dos header from C:\WINDOWS\System32\KERNELBASE.dll
[1226/182155.854:ERROR:process_memory_win.cc(73)] ReadMemory at 0x7ff8351a0000 of 64 bytes failed: Only part of a ReadProcessMemory or WriteProcessMemory request was completed. (0x12B)
[1226/182155.854:WARNING:pe_image_reader.cc(340)] could not read dos header from C:\Program Files (x86)\Google\Chrome\Application\79.0.3945.88\chrome_elf.dll
[1226/182155.854:ERROR:process_memory_win.cc(73)] ReadMemory at 0x7ff8375a0000 of 64 bytes failed: Only part of a ReadProcessMemory or WriteProcessMemory request was completed. (0x12B)
[1226/182155.855:WARNING:pe_image_reader.cc(340)] could not read dos header from C:\WINDOWS\SYSTEM32\VERSION.dll
[1226/182155.855:ERROR:process_memory_win.cc(73)] ReadMemory at 0x7ff8487b0000 of 64 bytes failed: Only part of a ReadProcessMemory or WriteProcessMemory request was completed. (0x12B)
[1226/182155.855:WARNING:pe_image_reader.cc(340)] could not read dos header from C:\WINDOWS\System32\msvcrt.dll
[1226/182155.855:ERROR:process_memory_win.cc(73)] ReadMemory at 0x7ff845d60000 of 64 bytes failed: Only part of a ReadProcessMemory or WriteProcessMemory request was completed. (0x12B)
[1226/182155.855:WARNING:pe_image_reader.cc(340)] could not read dos header from C:\WINDOWS\System32\bcryptPrimitives.dll
[1226/182155.855:ERROR:process_memory_win.cc(73)] ReadMemory at 0x7ff848bf0000 of 64 bytes failed: Only part of a ReadProcessMemory or WriteProcessMemory request was completed. (0x12B)
[1226/182155.856:WARNING:pe_image_reader.cc(340)] could not read dos header from C:\WINDOWS\System32\ADVAPI32.dll
[1226/182155.856:ERROR:process_memory_win.cc(73)] ReadMemory at 0x7ff846d00000 of 64 bytes failed: Only part of a ReadProcessMemory or WriteProcessMemory request was completed. (0x12B)
[1226/182155.856:WARNING:pe_image_reader.cc(340)] could not read dos header from C:\WINDOWS\System32\sechost.dll
[1226/182155.856:ERROR:process_memory_win.cc(73)] ReadMemory at 0x7ff8488c0000 of 64 bytes failed: Only part of a ReadProcessMemory or WriteProcessMemory request was completed. (0x12B)
[1226/182155.856:WARNING:pe_image_reader.cc(340)] could not read dos header from C:\WINDOWS\System32\RPCRT4.dll
[1226/182155.856:ERROR:process_memory_win.cc(73)] ReadMemory at 0x7ffffa9a0000 of 64 bytes failed: Only part of a ReadProcessMemory or WriteProcessMemory request was completed. (0x12B)
[1226/182155.856:WARNING:pe_image_reader.cc(340)] could not read dos header from C:\Program Files (x86)\Google\Chrome\Application\79.0.3945.88\chrome_child.dll
[1226/182155.856:ERROR:process_memory_win.cc(73)] ReadMemory at 0x7ff848470000 of 64 bytes failed: Only part of a ReadProcessMemory or WriteProcessMemory request was completed. (0x12B)
[1226/182155.856:WARNING:pe_image_reader.cc(340)] could not read dos header from C:\WINDOWS\System32\OLEAUT32.dll
[1226/182155.858:ERROR:process_memory_win.cc(73)] ReadMemory at 0x7ff845dd0000 of 64 bytes failed: Only part of a ReadProcessMemory or WriteProcessMemory request was completed. (0x12B)
[1226/182155.865:WARNING:pe_image_reader.cc(340)] could not read dos header from C:\WINDOWS\System32\msvcp_win.dll
[1226/182155.866:ERROR:process_memory_win.cc(73)] ReadMemory at 0x7ff8460e0000 of 64 bytes failed: Only part of a ReadProcessMemory or WriteProcessMemory request was completed. (0x12B)
[1226/182155.866:WARNING:pe_image_reader.cc(340)] could not read dos header from C:\WINDOWS\System32\ucrtbase.dll
[1226/182155.866:ERROR:process_memory_win.cc(73)] ReadMemory at 0x7ff848850000 of 64 bytes failed: Only part of a ReadProcessMemory or WriteProcessMemory request was completed. (0x12B)
[1226/182155.867:WARNING:pe_image_reader.cc(340)] could not read dos header from C:\WINDOWS\System32\WS2_32.dll
[1226/182155.867:ERROR:process_memory_win.cc(73)] ReadMemory at 0x7ff845b70000 of 64 bytes failed: Only part of a ReadProcessMemory or WriteProcessMemory request was completed. (0x12B)
[1226/182155.867:WARNING:pe_image_reader.cc(340)] could not read dos header from C:\WINDOWS\System32\WINTRUST.dll
[1226/182155.867:ERROR:process_memory_win.cc(73)] ReadMemory at 0x7ff845ac0000 of 64 bytes failed: Only part of a ReadProcessMemory or WriteProcessMemory request was completed. (0x12B)
[1226/182155.867:WARNING:pe_image_reader.cc(340)] could not read dos header from C:\WINDOWS\System32\MSASN1.dll
[1226/182155.868:ERROR:process_memory_win.cc(73)] ReadMemory at 0x7ff8461e0000 of 64 bytes failed: Only part of a ReadProcessMemory or WriteProcessMemory request was completed. (0x12B)
[1226/182155.868:WARNING:pe_image_reader.cc(340)] could not read dos header from C:\WINDOWS\System32\CRYPT32.dll
[1226/182155.868:ERROR:process_memory_win.cc(73)] ReadMemory at 0x7ff844de0000 of 64 bytes failed: Only part of a ReadProcessMemory or WriteProcessMemory request was completed. (0x12B)
[1226/182155.868:WARNING:pe_image_reader.cc(340)] could not read dos header from C:\WINDOWS\SYSTEM32\IPHLPAPI.DLL
[1226/182155.868:ERROR:process_memory_win.cc(73)] ReadMemory at 0x7ff843bd0000 of 64 bytes failed: Only part of a ReadProcessMemory or WriteProcessMemory request was completed. (0x12B)
[1226/182155.868:WARNING:pe_image_reader.cc(340)] could not read dos header from C:\WINDOWS\SYSTEM32\WINMM.dll
[1226/182155.868:ERROR:process_memory_win.cc(73)] ReadMemory at 0x7ff8459c0000 of 64 bytes failed: Only part of a ReadProcessMemory or WriteProcessMemory request was completed. (0x12B)
[1226/182155.868:WARNING:pe_image_reader.cc(340)] could not read dos header from C:\WINDOWS\SYSTEM32\USERENV.dll
[1226/182155.868:ERROR:process_memory_win.cc(73)] ReadMemory at 0x7ff845ae0000 of 64 bytes failed: Only part of a ReadProcessMemory or WriteProcessMemory request was completed. (0x12B)
[1226/182155.869:WARNING:pe_image_reader.cc(340)] could not read dos header from C:\WINDOWS\System32\profapi.dll
[1226/182155.869:ERROR:process_memory_win.cc(73)] ReadMemory at 0x7ff83ac60000 of 64 bytes failed: Only part of a ReadProcessMemory or WriteProcessMemory request was completed. (0x12B)
[1226/182155.869:WARNING:pe_image_reader.cc(340)] could not read dos header from C:\WINDOWS\SYSTEM32\DWrite.dll
[1226/182155.869:ERROR:process_memory_win.cc(73)] ReadMemory at 0x7ff8406b0000 of 64 bytes failed: Only part of a ReadProcessMemory or WriteProcessMemory request was completed. (0x12B)
[1226/182155.869:WARNING:pe_image_reader.cc(340)] could not read dos header from C:\WINDOWS\SYSTEM32\WINSPOOL.DRV
[1226/182155.870:ERROR:process_memory_win.cc(73)] ReadMemory at 0x7ff845600000 of 64 bytes failed: Only part of a ReadProcessMemory or WriteProcessMemory request was completed. (0x12B)
[1226/182155.870:WARNING:pe_image_reader.cc(340)] could not read dos header from C:\WINDOWS\SYSTEM32\dbghelp.dll
[1226/182155.870:ERROR:process_memory_win.cc(73)] ReadMemory at 0x7ff842710000 of 64 bytes failed: Only part of a ReadProcessMemory or WriteProcessMemory request was completed. (0x12B)
[1226/182155.870:WARNING:pe_image_reader.cc(340)] could not read dos header from C:\WINDOWS\SYSTEM32\Secur32.dll
[1226/182155.871:ERROR:process_memory_win.cc(73)] ReadMemory at 0x7ff837660000 of 64 bytes failed: Only part of a ReadProcessMemory or WriteProcessMemory request was completed. (0x12B)
[1226/182155.871:WARNING:pe_image_reader.cc(340)] could not read dos header from C:\WINDOWS\SYSTEM32\WINHTTP.dll
[1226/182155.871:ERROR:process_memory_win.cc(73)] ReadMemory at 0x7ff83dd30000 of 64 bytes failed: Only part of a ReadProcessMemory or WriteProcessMemory request was completed. (0x12B)
[1226/182155.871:WARNING:pe_image_reader.cc(340)] could not read dos header from C:\WINDOWS\SYSTEM32\dhcpcsvc.DLL
[1226/182155.871:ERROR:process_memory_win.cc(73)] ReadMemory at 0x7ff848a20000 of 64 bytes failed: Only part of a ReadProcessMemory or WriteProcessMemory request was completed. (0x12B)
[1226/182155.872:WARNING:pe_image_reader.cc(340)] could not read dos header from C:\WINDOWS\System32\NSI.dll
[1226/182155.897:ERROR:process_memory_win.cc(73)] ReadMemory at 0x7ff8438e0000 of 64 bytes failed: Only part of a ReadProcessMemory or WriteProcessMemory request was completed. (0x12B)
[1226/182155.898:WARNING:pe_image_reader.cc(340)] could not read dos header from C:\WINDOWS\SYSTEM32\WINMMBASE.dll
[1226/182155.898:ERROR:process_memory_win.cc(73)] ReadMemory at 0x7ff846ab0000 of 64 bytes failed: Only part of a ReadProcessMemory or WriteProcessMemory request was completed. (0x12B)
[1226/182155.898:WARNING:pe_image_reader.cc(340)] could not read dos header from C:\WINDOWS\System32\cfgmgr32.dll
[1226/182155.898:ERROR:process_memory_win.cc(73)] ReadMemory at 0x7ff845990000 of 64 bytes failed: Only part of a ReadProcessMemory or WriteProcessMemory request was completed. (0x12B)
[1226/182155.899:WARNING:pe_image_reader.cc(340)] could not read dos header from C:\WINDOWS\SYSTEM32\bcrypt.dll
[1226/182155.899:ERROR:process_memory_win.cc(73)] ReadMemory at 0x7ff8459f0000 of 64 bytes failed: Only part of a ReadProcessMemory or WriteProcessMemory request was completed. (0x12B)
[1226/182155.899:WARNING:pe_image_reader.cc(340)] could not read dos header from C:\WINDOWS\SYSTEM32\SSPICLI.DLL
[1226/182155.899:ERROR:process_memory_win.cc(73)] ReadMemory at 0x29fe9440000 of 64 bytes failed: Only part of a ReadProcessMemory or WriteProcessMemory request was completed. (0x12B)
[1226/182155.899:WARNING:pe_image_reader.cc(340)] could not read dos header from C:\WINDOWS\System32\combase.dll
[1226/182155.900:ERROR:process_memory_win.cc(73)] ReadMemory at 0x7ff846ee0000 of 64 bytes failed: Only part of a ReadProcessMemory or WriteProcessMemory request was completed. (0x12B)
[1226/182155.900:WARNING:pe_image_reader.cc(340)] could not read dos header from C:\WINDOWS\System32\SHELL32.dll
[1226/182155.900:ERROR:process_memory_win.cc(73)] ReadMemory at 0x7ff848a90000 of 64 bytes failed: Only part of a ReadProcessMemory or WriteProcessMemory request was completed. (0x12B)
[1226/182155.900:WARNING:pe_image_reader.cc(340)] could not read dos header from C:\WINDOWS\System32\shcore.dll
[1226/182155.901:ERROR:process_memory_win.cc(73)] ReadMemory at 0x7ff8463b0000 of 64 bytes failed: Only part of a ReadProcessMemory or WriteProcessMemory request was completed. (0x12B)
[1226/182155.902:WARNING:pe_image_reader.cc(340)] could not read dos header from C:\WINDOWS\System32\windows.storage.dll
[1226/182155.902:ERROR:process_memory_win.cc(73)] ReadMemory at 0x7ff848750000 of 64 bytes failed: Only part of a ReadProcessMemory or WriteProcessMemory request was completed. (0x12B)
[1226/182155.904:WARNING:pe_image_reader.cc(340)] could not read dos header from C:\WINDOWS\System32\shlwapi.dll
[1226/182155.904:ERROR:process_memory_win.cc(73)] ReadMemory at 0x7ff8489f0000 of 64 bytes failed: Only part of a ReadProcessMemory or WriteProcessMemory request was completed. (0x12B)
[1226/182155.904:WARNING:pe_image_reader.cc(340)] could not read dos header from C:\WINDOWS\System32\GDI32.dll
[1226/182155.904:ERROR:process_memory_win.cc(73)] ReadMemory at 0x7ff845bd0000 of 64 bytes failed: Only part of a ReadProcessMemory or WriteProcessMemory request was completed. (0x12B)
[1226/182155.904:WARNING:pe_image_reader.cc(340)] could not read dos header from C:\WINDOWS\System32\gdi32full.dll
[1226/182155.904:ERROR:process_memory_win.cc(73)] ReadMemory at 0x7ff846bb0000 of 64 bytes failed: Only part of a ReadProcessMemory or WriteProcessMemory request was completed. (0x12B)
[1226/182155.904:WARNING:pe_image_reader.cc(340)] could not read dos header from C:\WINDOWS\System32\USER32.dll
[1226/182155.905:ERROR:process_memory_win.cc(73)] ReadMemory at 0x7ff8460c0000 of 64 bytes failed: Only part of a ReadProcessMemory or WriteProcessMemory request was completed. (0x12B)
[1226/182155.905:WARNING:pe_image_reader.cc(340)] could not read dos header from C:\WINDOWS\System32\win32u.dll
[1226/182155.905:ERROR:process_memory_win.cc(73)] ReadMemory at 0x7ff845b50000 of 64 bytes failed: Only part of a ReadProcessMemory or WriteProcessMemory request was completed. (0x12B)
[1226/182155.906:WARNING:pe_image_reader.cc(340)] could not read dos header from C:\WINDOWS\System32\kernel.appcore.dll
[1226/182155.906:ERROR:process_memory_win.cc(73)] ReadMemory at 0x7ff845b00000 of 64 bytes failed: Only part of a ReadProcessMemory or WriteProcessMemory request was completed. (0x12B)
[1226/182155.906:WARNING:pe_image_reader.cc(340)] could not read dos header from C:\WINDOWS\System32\powrprof.dll
[1226/182155.906:ERROR:process_memory_win.cc(73)] ReadMemory at 0x7ff848b40000 of 64 bytes failed: Only part of a ReadProcessMemory or WriteProcessMemory request was completed. (0x12B)
[1226/182155.906:WARNING:pe_image_reader.cc(340)] could not read dos header from C:\WINDOWS\System32\IMM32.DLL
[1226/182155.906:ERROR:process_memory_win.cc(73)] ReadMemory at 0x7ff8451e0000 of 64 bytes failed: Only part of a ReadProcessMemory or WriteProcessMemory request was completed. (0x12B)
[1226/182155.906:WARNING:pe_image_reader.cc(340)] could not read dos header from C:\WINDOWS\SYSTEM32\CRYPTBASE.DLL
[1226/182155.979:ERROR:process_memory_win.cc(73)] ReadMemory at 0xaa665f7000 of 36864 bytes failed: Only part of a ReadProcessMemory or WriteProcessMemory request was completed. (0x12B)
[1226/182155.981:ERROR:process_memory_win.cc(73)] ReadMemory at 0xaa66dfd000 of 12288 bytes failed: Only part of a ReadProcessMemory or WriteProcessMemory request was completed. (0x12B)
[1226/182155.982:ERROR:process_memory_win.cc(73)] ReadMemory at 0xaa675fd000 of 12288 bytes failed: Only part of a ReadProcessMemory or WriteProcessMemory request was completed. (0x12B)
[1226/182155.982:ERROR:process_memory_win.cc(73)] ReadMemory at 0xaa67dfc000 of 16384 bytes failed: Only part of a ReadProcessMemory or WriteProcessMemory request was completed. (0x12B)
[1226/182155.982:ERROR:process_memory_win.cc(73)] ReadMemory at 0xaa685fc000 of 16384 bytes failed: Only part of a ReadProcessMemory or WriteProcessMemory request was completed. (0x12B)
[1226/182155.985:ERROR:process_memory_win.cc(73)] ReadMemory at 0xaa68dfe000 of 8192 bytes failed: Only part of a ReadProcessMemory or WriteProcessMemory request was completed. (0x12B)
[1226/182155.985:ERROR:process_memory_win.cc(73)] ReadMemory at 0xaa695fd000 of 12288 bytes failed: Only part of a ReadProcessMemory or WriteProcessMemory request was completed. (0x12B)
[1226/182155.986:ERROR:process_memory_win.cc(73)] ReadMemory at 0xaa69dfd000 of 12288 bytes failed: Only part of a ReadProcessMemory or WriteProcessMemory request was completed. (0x12B)
[1226/182155.988:ERROR:process_memory_win.cc(73)] ReadMemory at 0xaa6a5fd000 of 12288 bytes failed: Only part of a ReadProcessMemory or WriteProcessMemory request was completed. (0x12B)
[1226/182155.989:ERROR:process_memory_win.cc(73)] ReadMemory at 0xaa6adfd000 of 12288 bytes failed: Only part of a ReadProcessMemory or WriteProcessMemory request was completed. (0x12B)
[1226/182155.989:ERROR:process_memory_win.cc(73)] ReadMemory at 0xaa6b5fd000 of 12288 bytes failed: Only part of a ReadProcessMemory or WriteProcessMemory request was completed. (0x12B)
[1226/182155.990:ERROR:process_memory_win.cc(73)] ReadMemory at 0xaa6bdfd000 of 12288 bytes failed: Only part of a ReadProcessMemory or WriteProcessMemory request was completed. (0x12B)
[1226/182155.990:ERROR:process_memory_win.cc(73)] ReadMemory at 0xaa6c5fd000 of 12288 bytes failed: Only part of a ReadProcessMemory or WriteProcessMemory request was completed. (0x12B)
[1226/182155.991:ERROR:process_memory_win.cc(73)] ReadMemory at 0xaa6cdfd000 of 12288 bytes failed: Only part of a ReadProcessMemory or WriteProcessMemory request was completed. (0x12B)
[1226/182155.991:ERROR:process_memory_win.cc(73)] ReadMemory at 0xaa6d5fd000 of 12288 bytes failed: Only part of a ReadProcessMemory or WriteProcessMemory request was completed. (0x12B)
[1226/182155.992:ERROR:process_memory_win.cc(73)] ReadMemory at 0xaa65c00000 of 6024 bytes failed: Only part of a ReadProcessMemory or WriteProcessMemory request was completed. (0x12B)
[1226/182155.992:ERROR:process_memory_win.cc(73)] ReadMemory at 0xaa65c02000 of 6024 bytes failed: Only part of a ReadProcessMemory or WriteProcessMemory request was completed. (0x12B)
[1226/182155.993:ERROR:process_memory_win.cc(73)] ReadMemory at 0xaa65c04000 of 6024 bytes failed: Only part of a ReadProcessMemory or WriteProcessMemory request was completed. (0x12B)
[1226/182155.994:ERROR:process_memory_win.cc(73)] ReadMemory at 0xaa65c06000 of 6024 bytes failed: Only part of a ReadProcessMemory or WriteProcessMemory request was completed. (0x12B)
[1226/182155.994:ERROR:process_memory_win.cc(73)] ReadMemory at 0xaa65c08000 of 6024 bytes failed: Only part of a ReadProcessMemory or WriteProcessMemory request was completed. (0x12B)
[1226/182155.995:ERROR:process_memory_win.cc(73)] ReadMemory at 0xaa65c0a000 of 6024 bytes failed: Only part of a ReadProcessMemory or WriteProcessMemory request was completed. (0x12B)
[1226/182155.995:ERROR:process_memory_win.cc(73)] ReadMemory at 0xaa65c0c000 of 6024 bytes failed: Only part of a ReadProcessMemory or WriteProcessMemory request was completed. (0x12B)
[1226/182155.998:ERROR:process_memory_win.cc(73)] ReadMemory at 0xaa65c0e000 of 6024 bytes failed: Only part of a ReadProcessMemory or WriteProcessMemory request was completed. (0x12B)
[1226/182155.999:ERROR:process_memory_win.cc(73)] ReadMemory at 0xaa65c10000 of 6024 bytes failed: Only part of a ReadProcessMemory or WriteProcessMemory request was completed. (0x12B)
[1226/182155.999:ERROR:process_memory_win.cc(73)] ReadMemory at 0xaa65c12000 of 6024 bytes failed: Only part of a ReadProcessMemory or WriteProcessMemory request was completed. (0x12B)
[1226/182156.000:ERROR:process_memory_win.cc(73)] ReadMemory at 0xaa65c14000 of 6024 bytes failed: Only part of a ReadProcessMemory or WriteProcessMemory request was completed. (0x12B)
[1226/182156.000:ERROR:process_memory_win.cc(73)] ReadMemory at 0xaa65c16000 of 6024 bytes failed: Only part of a ReadProcessMemory or WriteProcessMemory request was completed. (0x12B)
[1226/182156.002:ERROR:process_memory_win.cc(73)] ReadMemory at 0xaa65c18000 of 6024 bytes failed: Only part of a ReadProcessMemory or WriteProcessMemory request was completed. (0x12B)
[1226/182156.002:ERROR:process_memory_win.cc(73)] ReadMemory at 0xaa65c1a000 of 6024 bytes failed: Only part of a ReadProcessMemory or WriteProcessMemory request was completed. (0x12B)
[1226/182156.003:ERROR:process_memory_win.cc(73)] ReadMemory at 0xaa65c1c000 of 6024 bytes failed: Only part of a ReadProcessMemory or WriteProcessMemory request was completed. (0x12B)
[1226/182156.003:ERROR:process_memory_win.cc(73)] ReadMemory at 0xaa65dfe000 of 852 bytes failed: Only part of a ReadProcessMemory or WriteProcessMemory request was completed. (0x12B)
[1226/182156.008:ERROR:process_memory_win.cc(73)] ReadMemory at 0x29fe90c0fc0 of 3930 bytes failed: Only part of a ReadProcessMemory or WriteProcessMemory request was completed. (0x12B)
[1226/182156.008:ERROR:process_memory_win.cc(73)] ReadMemory at 0x29fe90c1f30 of 1012 bytes failed: Only part of a ReadProcessMemory or WriteProcessMemory request was completed. (0x12B)
[1226/182156.009:ERROR:process_memory_win.cc(73)] ReadMemory at 0x29fe90c2548 of 118 bytes failed: Only part of a ReadProcessMemory or WriteProcessMemory request was completed. (0x12B)
[1226/182156.009:ERROR:process_memory_win.cc(73)] ReadMemory at 0x29fe90c25c0 of 1400 bytes failed: Only part of a ReadProcessMemory or WriteProcessMemory request was completed. (0x12B)
[1226/182156.009:ERROR:process_memory_win.cc(73)] ReadMemory at 0x29fe90c2b3a of 118 bytes failed: Only part of a ReadProcessMemory or WriteProcessMemory request was completed. (0x12B)
[1226/182156.009:ERROR:process_memory_win.cc(73)] ReadMemory at 0x29fe90c2bb2 of 98 bytes failed: Only part of a ReadProcessMemory or WriteProcessMemory request was completed. (0x12B)
[1226/182156.010:ERROR:process_memory_win.cc(73)] ReadMemory at 0x29fe90c2c20 of 58 bytes failed: Only part of a ReadProcessMemory or WriteProcessMemory request was completed. (0x12B)
[1226/182156.011:ERROR:process_memory_win.cc(73)] ReadMemory at 0x29fe90c2d20 of 132 bytes failed: Only part of a ReadProcessMemory or WriteProcessMemory request was completed. (0x12B)
[1226/182156.011:ERROR:process_memory_win.cc(73)] ReadMemory at 0x29fe90c2eb0 of 132 bytes failed: Only part of a ReadProcessMemory or WriteProcessMemory request was completed. (0x12B)
[1226/182156.014:ERROR:process_memory_win.cc(73)] ReadMemory at 0x29fe90c3070 of 124 bytes failed: Only part of a ReadProcessMemory or WriteProcessMemory request was completed. (0x12B)
[1226/182156.014:ERROR:process_memory_win.cc(73)] ReadMemory at 0x29fe90c3430 of 132 bytes failed: Only part of a ReadProcessMemory or WriteProcessMemory request was completed. (0x12B)
[1226/182156.015:ERROR:process_memory_win.cc(73)] ReadMemory at 0x29fe90c35c0 of 64 bytes failed: Only part of a ReadProcessMemory or WriteProcessMemory request was completed. (0x12B)
[1226/182156.017:ERROR:process_memory_win.cc(73)] ReadMemory at 0x29fe90c3610 of 132 bytes failed: Only part of a ReadProcessMemory or WriteProcessMemory request was completed. (0x12B)
[1226/182156.017:ERROR:process_memory_win.cc(73)] ReadMemory at 0x29fe90c3940 of 132 bytes failed: Only part of a ReadProcessMemory or WriteProcessMemory request was completed. (0x12B)
[1226/182156.019:ERROR:process_memory_win.cc(73)] ReadMemory at 0x29fe90c3ad0 of 68 bytes failed: Only part of a ReadProcessMemory or WriteProcessMemory request was completed. (0x12B)
[1226/182156.019:ERROR:process_memory_win.cc(73)] ReadMemory at 0x29fe90c49d0 of 132 bytes failed: Only part of a ReadProcessMemory or WriteProcessMemory request was completed. (0x12B)
[1226/182156.019:ERROR:process_memory_win.cc(73)] ReadMemory at 0x29fe90c4bc0 of 132 bytes failed: Only part of a ReadProcessMemory or WriteProcessMemory request was completed. (0x12B)
[1226/182156.020:ERROR:process_memory_win.cc(73)] ReadMemory at 0x29fe90c4cf0 of 152 bytes failed: Only part of a ReadProcessMemory or WriteProcessMemory request was completed. (0x12B)
[1226/182156.021:ERROR:process_memory_win.cc(73)] ReadMemory at 0x29fe90c58a0 of 132 bytes failed: Only part of a ReadProcessMemory or WriteProcessMemory request was completed. (0x12B)
[1226/182156.021:ERROR:process_memory_win.cc(73)] ReadMemory at 0x29fe90c59d0 of 156 bytes failed: Only part of a ReadProcessMemory or WriteProcessMemory request was completed. (0x12B)
[1226/182156.021:ERROR:process_memory_win.cc(73)] ReadMemory at 0x29fe90c5b40 of 62 bytes failed: Only part of a ReadProcessMemory or WriteProcessMemory request was completed. (0x12B)
[1226/182156.022:ERROR:process_memory_win.cc(73)] ReadMemory at 0x29fe90c5d10 of 60 bytes failed: Only part of a ReadProcessMemory or WriteProcessMemory request was completed. (0x12B)
[1226/182156.022:ERROR:process_memory_win.cc(73)] ReadMemory at 0x29fe90c62e0 of 132 bytes failed: Only part of a ReadProcessMemory or WriteProcessMemory request was completed. (0x12B)
[1226/182156.022:ERROR:process_memory_win.cc(73)] ReadMemory at 0x29fe90ca390 of 132 bytes failed: Only part of a ReadProcessMemory or WriteProcessMemory request was completed. (0x12B)
[1226/182156.022:ERROR:process_memory_win.cc(73)] ReadMemory at 0x29fe90ca520 of 80 bytes failed: Only part of a ReadProcessMemory or WriteProcessMemory request was completed. (0x12B)
[1226/182156.022:ERROR:process_memory_win.cc(73)] ReadMemory at 0x29fe90ca5d0 of 132 bytes failed: Only part of a ReadProcessMemory or WriteProcessMemory request was completed. (0x12B)
[1226/182156.022:ERROR:process_memory_win.cc(73)] ReadMemory at 0x29fe90ca700 of 132 bytes failed: Only part of a ReadProcessMemory or WriteProcessMemory request was completed. (0x12B)
[1226/182156.022:ERROR:process_memory_win.cc(73)] ReadMemory at 0x29fe90ca830 of 132 bytes failed: Only part of a ReadProcessMemory or WriteProcessMemory request was completed. (0x12B)
[1226/182156.022:ERROR:process_memory_win.cc(73)] ReadMemory at 0x29fe90ca960 of 132 bytes failed: Only part of a ReadProcessMemory or WriteProcessMemory request was completed. (0x12B)
[1226/182156.024:ERROR:process_memory_win.cc(73)] ReadMemory at 0x29fe90caa90 of 132 bytes failed: Only part of a ReadProcessMemory or WriteProcessMemory request was completed. (0x12B)
[1226/182156.024:ERROR:process_memory_win.cc(73)] ReadMemory at 0x29fe90cabc0 of 132 bytes failed: Only part of a ReadProcessMemory or WriteProcessMemory request was completed. (0x12B)
[1226/182156.024:ERROR:process_memory_win.cc(73)] ReadMemory at 0x29fe90cacf0 of 132 bytes failed: Only part of a ReadProcessMemory or WriteProcessMemory request was completed. (0x12B)
[1226/182156.025:ERROR:process_memory_win.cc(73)] ReadMemory at 0x29fe90cae20 of 132 bytes failed: Only part of a ReadProcessMemory or WriteProcessMemory request was completed. (0x12B)
[1226/182156.025:ERROR:process_memory_win.cc(73)] ReadMemory at 0x29fe90caf50 of 132 bytes failed: Only part of a ReadProcessMemory or WriteProcessMemory request was completed. (0x12B)
[1226/182156.026:ERROR:process_memory_win.cc(73)] ReadMemory at 0x29fe90cb1b0 of 132 bytes failed: Only part of a ReadProcessMemory or WriteProcessMemory request was completed. (0x12B)
[1226/182156.030:ERROR:process_memory_win.cc(73)] ReadMemory at 0x29fe90cb2e0 of 132 bytes failed: Only part of a ReadProcessMemory or WriteProcessMemory request was completed. (0x12B)
[1226/182156.038:ERROR:process_memory_win.cc(73)] ReadMemory at 0x29fe90cb410 of 132 bytes failed: Only part of a ReadProcessMemory or WriteProcessMemory request was completed. (0x12B)
[1226/182156.038:ERROR:process_memory_win.cc(73)] ReadMemory at 0x29fe90cc2a0 of 62 bytes failed: Only part of a ReadProcessMemory or WriteProcessMemory request was completed. (0x12B)
[1226/182156.039:ERROR:process_memory_win.cc(73)] ReadMemory at 0x29fe90cc340 of 64 bytes failed: Only part of a ReadProcessMemory or WriteProcessMemory request was completed. (0x12B)
[1226/182156.040:ERROR:process_memory_win.cc(73)] ReadMemory at 0x29fe90cc3e0 of 62 bytes failed: Only part of a ReadProcessMemory or WriteProcessMemory request was completed. (0x12B)
[1226/182156.040:ERROR:process_memory_win.cc(73)] ReadMemory at 0x29fe90cc480 of 60 bytes failed: Only part of a ReadProcessMemory or WriteProcessMemory request was completed. (0x12B)
[1226/182156.041:ERROR:process_memory_win.cc(73)] ReadMemory at 0x29fe90cc4d0 of 66 bytes failed: Only part of a ReadProcessMemory or WriteProcessMemory request was completed. (0x12B)
[1226/182156.043:ERROR:process_memory_win.cc(73)] ReadMemory at 0x29fe90cc520 of 62 bytes failed: Only part of a ReadProcessMemory or WriteProcessMemory request was completed. (0x12B)
[1226/182156.047:ERROR:process_memory_win.cc(73)] ReadMemory at 0x29fe90cc570 of 60 bytes failed: Only part of a ReadProcessMemory or WriteProcessMemory request was completed. (0x12B)
[1226/182156.047:ERROR:process_memory_win.cc(73)] ReadMemory at 0x29fe90cc5c0 of 64 bytes failed: Only part of a ReadProcessMemory or WriteProcessMemory request was completed. (0x12B)
[1226/182156.048:ERROR:process_memory_win.cc(73)] ReadMemory at 0x29fe90cc610 of 64 bytes failed: Only part of a ReadProcessMemory or WriteProcessMemory request was completed. (0x12B)
[1226/182156.048:ERROR:process_memory_win.cc(73)] ReadMemory at 0x29fe90cc6b0 of 64 bytes failed: Only part of a ReadProcessMemory or WriteProcessMemory request was completed. (0x12B)
[1226/182156.048:ERROR:process_memory_win.cc(73)] ReadMemory at 0x29fe90cc700 of 62 bytes failed: Only part of a ReadProcessMemory or WriteProcessMemory request was completed. (0x12B)
[1226/182156.048:ERROR:process_memory_win.cc(73)] ReadMemory at 0x29fe90cc750 of 60 bytes failed: Only part of a ReadProcessMemory or WriteProcessMemory request was completed. (0x12B)
[1226/182156.049:ERROR:process_memory_win.cc(73)] ReadMemory at 0x29fe90cc7f0 of 62 bytes failed: Only part of a ReadProcessMemory or WriteProcessMemory request was completed. (0x12B)
[1226/182156.049:ERROR:process_memory_win.cc(73)] ReadMemory at 0x29fe90cc840 of 62 bytes failed: Only part of a ReadProcessMemory or WriteProcessMemory request was completed. (0x12B)
[1226/182156.050:ERROR:process_memory_win.cc(73)] ReadMemory at 0x29fe90cc890 of 62 bytes failed: Only part of a ReadProcessMemory or WriteProcessMemory request was completed. (0x12B)
[1226/182156.050:ERROR:process_memory_win.cc(73)] ReadMemory at 0x29fe90cc8e0 of 64 bytes failed: Only part of a ReadProcessMemory or WriteProcessMemory request was completed. (0x12B)
[1226/182156.051:ERROR:process_memory_win.cc(73)] ReadMemory at 0x29fe90cc930 of 58 bytes failed: Only part of a ReadProcessMemory or WriteProcessMemory request was completed. (0x12B)
[1226/182156.051:ERROR:process_memory_win.cc(73)] ReadMemory at 0x29fe90cc980 of 60 bytes failed: Only part of a ReadProcessMemory or WriteProcessMemory request was completed. (0x12B)
[1226/182156.052:ERROR:process_memory_win.cc(73)] ReadMemory at 0x29fe90cc9d0 of 64 bytes failed: Only part of a ReadProcessMemory or WriteProcessMemory request was completed. (0x12B)
[1226/182156.052:ERROR:process_memory_win.cc(73)] ReadMemory at 0x29fe90cd2d0 of 132 bytes failed: Only part of a ReadProcessMemory or WriteProcessMemory request was completed. (0x12B)
[1226/182156.052:ERROR:process_memory_win.cc(73)] ReadMemory at 0x29fe90cd400 of 132 bytes failed: Only part of a ReadProcessMemory or WriteProcessMemory request was completed. (0x12B)
[1226/182156.052:ERROR:process_memory_win.cc(73)] ReadMemory at 0x29fe90cd530 of 132 bytes failed: Only part of a ReadProcessMemory or WriteProcessMemory request was completed. (0x12B)
[1226/182156.053:ERROR:process_memory_win.cc(73)] ReadMemory at 0x29fe90cd900 of 132 bytes failed: Only part of a ReadProcessMemory or WriteProcessMemory request was completed. (0x12B)
[1226/182156.053:ERROR:process_memory_win.cc(73)] ReadMemory at 0x29fe90cdf40 of 132 bytes failed: Only part of a ReadProcessMemory or WriteProcessMemory request was completed. (0x12B)
[1226/182156.054:ERROR:process_memory_win.cc(73)] ReadMemory at 0x29fe90ce070 of 132 bytes failed: Only part of a ReadProcessMemory or WriteProcessMemory request was completed. (0x12B)
[1226/182156.054:ERROR:process_memory_win.cc(73)] ReadMemory at 0x29fe90cf730 of 54 bytes failed: Only part of a ReadProcessMemory or WriteProcessMemory request was completed. (0x12B)
[1226/182156.055:ERROR:process_memory_win.cc(73)] ReadMemory at 0x29fe90d3000 of 132 bytes failed: Only part of a ReadProcessMemory or WriteProcessMemory request was completed. (0x12B)
[1226/182156.056:ERROR:process_memory_win.cc(73)] ReadMemory at 0x29fe90d3130 of 132 bytes failed: Only part of a ReadProcessMemory or WriteProcessMemory request was completed. (0x12B)
[1226/182156.057:ERROR:process_memory_win.cc(73)] ReadMemory at 0x29fe90d3260 of 132 bytes failed: Only part of a ReadProcessMemory or WriteProcessMemory request was completed. (0x12B)
[1226/182156.058:ERROR:process_memory_win.cc(73)] ReadMemory at 0x29fe90d3390 of 132 bytes failed: Only part of a ReadProcessMemory or WriteProcessMemory request was completed. (0x12B)
[1226/182156.059:ERROR:process_memory_win.cc(73)] ReadMemory at 0x29fe90d35f0 of 132 bytes failed: Only part of a ReadProcessMemory or WriteProcessMemory request was completed. (0x12B)
[1226/182156.059:ERROR:process_memory_win.cc(73)] ReadMemory at 0x29fe90d3720 of 132 bytes failed: Only part of a ReadProcessMemory or WriteProcessMemory request was completed. (0x12B)
[1226/182156.059:ERROR:process_memory_win.cc(73)] ReadMemory at 0x29fe90d3be0 of 132 bytes failed: Only part of a ReadProcessMemory or WriteProcessMemory request was completed. (0x12B)
[1226/182156.060:ERROR:process_memory_win.cc(73)] ReadMemory at 0x29fe90d3e40 of 132 bytes failed: Only part of a ReadProcessMemory or WriteProcessMemory request was completed. (0x12B)
[1226/182156.060:ERROR:process_memory_win.cc(73)] ReadMemory at 0x29fe90d3f70 of 132 bytes failed: Only part of a ReadProcessMemory or WriteProcessMemory request was completed. (0x12B)
[1226/182156.060:ERROR:process_memory_win.cc(73)] ReadMemory at 0x29fe90d40a0 of 132 bytes failed: Only part of a ReadProcessMemory or WriteProcessMemory request was completed. (0x12B)
[1226/182156.060:ERROR:process_memory_win.cc(73)] ReadMemory at 0x29fe90d41d0 of 132 bytes failed: Only part of a ReadProcessMemory or WriteProcessMemory request was completed. (0x12B)
[1226/182156.061:ERROR:process_memory_win.cc(73)] ReadMemory at 0x29fe90d4300 of 132 bytes failed: Only part of a ReadProcessMemory or WriteProcessMemory request was completed. (0x12B)
[1226/182156.061:ERROR:process_memory_win.cc(73)] ReadMemory at 0x29fe90d4560 of 132 bytes failed: Only part of a ReadProcessMemory or WriteProcessMemory request was completed. (0x12B)
[1226/182156.061:ERROR:process_memory_win.cc(73)] ReadMemory at 0x29fe90d47c0 of 132 bytes failed: Only part of a ReadProcessMemory or WriteProcessMemory request was completed. (0x12B)
[1226/182156.062:ERROR:process_memory_win.cc(73)] ReadMemory at 0x29fe90d4a20 of 132 bytes failed: Only part of a ReadProcessMemory or WriteProcessMemory request was completed. (0x12B)
[1226/182156.062:ERROR:process_memory_win.cc(73)] ReadMemory at 0x29fe90d4b50 of 132 bytes failed: Only part of a ReadProcessMemory or WriteProcessMemory request was completed. (0x12B)
[1226/182156.062:ERROR:process_memory_win.cc(73)] ReadMemory at 0x29fe90d4c80 of 132 bytes failed: Only part of a ReadProcessMemory or WriteProcessMemory request was completed. (0x12B)
[1226/182156.062:ERROR:process_memory_win.cc(73)] ReadMemory at 0x29fe90d4db0 of 132 bytes failed: Only part of a ReadProcessMemory or WriteProcessMemory request was completed. (0x12B)
[1226/182156.063:ERROR:process_memory_win.cc(73)] ReadMemory at 0x29fe90d56c0 of 76 bytes failed: Only part of a ReadProcessMemory or WriteProcessMemory request was completed. (0x12B)
[1226/182156.063:ERROR:process_memory_win.cc(73)] ReadMemory at 0x29fe90d6380 of 78 bytes failed: Only part of a ReadProcessMemory or WriteProcessMemory request was completed. (0x12B)
[1226/182156.063:ERROR:process_memory_win.cc(73)] ReadMemory at 0x29fe90d6670 of 62 bytes failed: Only part of a ReadProcessMemory or WriteProcessMemory request was completed. (0x12B)
[1226/182156.063:ERROR:process_memory_win.cc(73)] ReadMemory at 0x29fe90d66c0 of 58 bytes failed: Only part of a ReadProcessMemory or WriteProcessMemory request was completed. (0x12B)
[1226/182156.064:ERROR:process_memory_win.cc(73)] ReadMemory at 0x29fe90d6710 of 64 bytes failed: Only part of a ReadProcessMemory or WriteProcessMemory request was completed. (0x12B)
[1226/182156.064:ERROR:process_memory_win.cc(73)] ReadMemory at 0x29fe90d6850 of 62 bytes failed: Only part of a ReadProcessMemory or WriteProcessMemory request was completed. (0x12B)
[1226/182156.064:ERROR:process_memory_win.cc(73)] ReadMemory at 0x29fe90d6a30 of 58 bytes failed: Only part of a ReadProcessMemory or WriteProcessMemory request was completed. (0x12B)
[1226/182156.064:ERROR:process_memory_win.cc(73)] ReadMemory at 0x29fe90d6a80 of 60 bytes failed: Only part of a ReadProcessMemory or WriteProcessMemory request was completed. (0x12B)
[1226/182156.065:ERROR:process_memory_win.cc(73)] ReadMemory at 0x29fe90d7020 of 66 bytes failed: Only part of a ReadProcessMemory or WriteProcessMemory request was completed. (0x12B)
[1226/182156.065:ERROR:process_memory_win.cc(73)] ReadMemory at 0x29fe90d7070 of 64 bytes failed: Only part of a ReadProcessMemory or WriteProcessMemory request was completed. (0x12B)
[1226/182156.067:ERROR:process_memory_win.cc(73)] ReadMemory at 0x29fe90d7160 of 62 bytes failed: Only part of a ReadProcessMemory or WriteProcessMemory request was completed. (0x12B)
[1226/182156.067:ERROR:process_memory_win.cc(73)] ReadMemory at 0x29fe90d71b0 of 62 bytes failed: Only part of a ReadProcessMemory or WriteProcessMemory request was completed. (0x12B)
[1226/182156.069:ERROR:process_memory_win.cc(73)] ReadMemory at 0x29fe90d7200 of 60 bytes failed: Only part of a ReadProcessMemory or WriteProcessMemory request was completed. (0x12B)
[1226/182156.069:ERROR:process_memory_win.cc(73)] ReadMemory at 0x29fe90d73e0 of 66 bytes failed: Only part of a ReadProcessMemory or WriteProcessMemory request was completed. (0x12B)
[1226/182156.070:ERROR:process_memory_win.cc(73)] ReadMemory at 0x29fe90d7480 of 64 bytes failed: Only part of a ReadProcessMemory or WriteProcessMemory request was completed. (0x12B)
[1226/182156.075:ERROR:process_memory_win.cc(73)] ReadMemory at 0x29fe90d7570 of 60 bytes failed: Only part of a ReadProcessMemory or WriteProcessMemory request was completed. (0x12B)
[1226/182156.080:ERROR:process_memory_win.cc(73)] ReadMemory at 0x29fe90d75c0 of 60 bytes failed: Only part of a ReadProcessMemory or WriteProcessMemory request was completed. (0x12B)
[1226/182156.081:ERROR:process_memory_win.cc(73)] ReadMemory at 0x29fe90ec620 of 512 bytes failed: Only part of a ReadProcessMemory or WriteProcessMemory request was completed. (0x12B)
[1226/182156.082:ERROR:process_memory_win.cc(73)] ReadMemory at 0x29fe90ef460 of 512 bytes failed: Only part of a ReadProcessMemory or WriteProcessMemory request was completed. (0x12B)
[1226/182156.083:ERROR:process_memory_win.cc(73)] ReadMemory at 0x29fe9250c40 of 512 bytes failed: Only part of a ReadProcessMemory or WriteProcessMemory request was completed. (0x12B)
[1226/182156.083:ERROR:process_memory_win.cc(73)] ReadMemory at 0x29fe9764fb0 of 512 bytes failed: Only part of a ReadProcessMemory or WriteProcessMemory request was completed. (0x12B)
[1226/182156.083:ERROR:process_memory_win.cc(73)] ReadMemory at 0x29fe9765310 of 512 bytes failed: Only part of a ReadProcessMemory or WriteProcessMemory request was completed. (0x12B)
[1226/182156.083:ERROR:process_memory_win.cc(73)] ReadMemory at 0x29fe9772c00 of 512 bytes failed: Only part of a ReadProcessMemory or WriteProcessMemory request was completed. (0x12B)
[1226/182156.085:ERROR:process_memory_win.cc(73)] ReadMemory at 0x29fe97806c0 of 712 bytes failed: Only part of a ReadProcessMemory or WriteProcessMemory request was completed. (0x12B)
[1226/182156.085:ERROR:process_memory_win.cc(73)] ReadMemory at 0x29fe9792e20 of 512 bytes failed: Only part of a ReadProcessMemory or WriteProcessMemory request was completed. (0x12B)
[1226/182156.088:ERROR:process_memory_win.cc(73)] ReadMemory at 0x29fe979bc00 of 512 bytes failed: Only part of a ReadProcessMemory or WriteProcessMemory request was completed. (0x12B)
[1226/182156.089:ERROR:process_memory_win.cc(73)] ReadMemory at 0x29fe979c8f8 of 512 bytes failed: Only part of a ReadProcessMemory or WriteProcessMemory request was completed. (0x12B)
[1226/182156.089:ERROR:process_memory_win.cc(73)] ReadMemory at 0x29fe979cd70 of 512 bytes failed: Only part of a ReadProcessMemory or WriteProcessMemory request was completed. (0x12B)
[1226/182156.090:ERROR:process_memory_win.cc(73)] ReadMemory at 0x29fe980a800 of 512 bytes failed: Only part of a ReadProcessMemory or WriteProcessMemory request was completed. (0x12B)
[1226/182156.090:ERROR:process_memory_win.cc(73)] ReadMemory at 0x29fe982e570 of 512 bytes failed: Only part of a ReadProcessMemory or WriteProcessMemory request was completed. (0x12B)
[1226/182156.091:ERROR:process_memory_win.cc(73)] ReadMemory at 0x29fe9836020 of 512 bytes failed: Only part of a ReadProcessMemory or WriteProcessMemory request was completed. (0x12B)
[1226/182156.094:ERROR:process_memory_win.cc(73)] ReadMemory at 0x29feb634910 of 512 bytes failed: Only part of a ReadProcessMemory or WriteProcessMemory request was completed. (0x12B)
[1226/182156.094:ERROR:process_memory_win.cc(73)] ReadMemory at 0x29feb678e20 of 512 bytes failed: Only part of a ReadProcessMemory or WriteProcessMemory request was completed. (0x12B)
[1226/182156.095:ERROR:process_memory_win.cc(73)] ReadMemory at 0x29feb6edcd0 of 512 bytes failed: Only part of a ReadProcessMemory or WriteProcessMemory request was completed. (0x12B)
[1226/182156.095:ERROR:process_memory_win.cc(73)] ReadMemory at 0x29feb751460 of 512 bytes failed: Only part of a ReadProcessMemory or WriteProcessMemory request was completed. (0x12B)
[1226/182156.095:ERROR:process_memory_win.cc(73)] ReadMemory at 0x29feb751fa0 of 512 bytes failed: Only part of a ReadProcessMemory or WriteProcessMemory request was completed. (0x12B)
[1226/182156.096:ERROR:process_memory_win.cc(73)] ReadMemory at 0x29feb769810 of 512 bytes failed: Only part of a ReadProcessMemory or WriteProcessMemory request was completed. (0x12B)
[1226/182156.096:ERROR:process_memory_win.cc(73)] ReadMemory at 0x316893f026b8 of 512 bytes failed: Only part of a ReadProcessMemory or WriteProcessMemory request was completed. (0x12B)
[1226/182156.096:ERROR:process_memory_win.cc(73)] ReadMemory at 0x4e24d0780000 of 384 bytes failed: Only part of a ReadProcessMemory or WriteProcessMemory request was completed. (0x12B)
[1226/182156.096:ERROR:process_memory_win.cc(73)] ReadMemory at 0x4e24d078df48 of 512 bytes failed: Only part of a ReadProcessMemory or WriteProcessMemory request was completed. (0x12B)
[1226/182156.097:ERROR:process_memory_win.cc(73)] ReadMemory at 0x511c31b92c99 of 512 bytes failed: Only part of a ReadProcessMemory or WriteProcessMemory request was completed. (0x12B)
[1226/182156.097:ERROR:process_memory_win.cc(73)] ReadMemory at 0x7ff845ed5638 of 512 bytes failed: Only part of a ReadProcessMemory or WriteProcessMemory request was completed. (0x12B)
[1226/182156.097:ERROR:process_memory_win.cc(73)] ReadMemory at 0x7ff849666090 of 512 bytes failed: Only part of a ReadProcessMemory or WriteProcessMemory request was completed. (0x12B)
[1226/182156.097:ERROR:process_memory_win.cc(73)] ReadMemory at 0x7ff849666530 of 512 bytes failed: Only part of a ReadProcessMemory or WriteProcessMemory request was completed. (0x12B)
[1226/182156.103:ERROR:process_memory_win.cc(73)] ReadMemory at 0x7ff8496f5324 of 672 bytes failed: Only part of a ReadProcessMemory or WriteProcessMemory request was completed. (0x12B)
[1226/182156.104:ERROR:process_memory_win.cc(73)] ReadMemory at 0x7ff8496f5924 of 512 bytes failed: Only part of a ReadProcessMemory or WriteProcessMemory request was completed. (0x12B)
[1226/182156.105:ERROR:process_memory_win.cc(73)] ReadMemory at 0x7ff8496f8ad4 of 608 bytes failed: Only part of a ReadProcessMemory or WriteProcessMemory request was completed. (0x12B)
[1226/182156.107:ERROR:process_memory_win.cc(73)] ReadMemory at 0x7ff8496fbe03 of 512 bytes failed: Only part of a ReadProcessMemory or WriteProcessMemory request was completed. (0x12B)
[1226/182156.107:ERROR:process_memory_win.cc(73)] ReadMemory at 0x7ff849773930 of 18 bytes failed: Only part of a ReadProcessMemory or WriteProcessMemory request was completed. (0x12B)
[1226/182156.108:ERROR:process_memory_win.cc(73)] ReadMemory at 0x7ff8497a55a8 of 40 bytes failed: Only part of a ReadProcessMemory or WriteProcessMemory request was completed. (0x12B)
[1226/182156.108:ERROR:process_memory_win.cc(73)] ReadMemory at 0x7ff8497a59a8 of 48 bytes failed: Only part of a ReadProcessMemory or WriteProcessMemory request was completed. (0x12B)
[1226/182156.109:ERROR:process_memory_win.cc(73)] ReadMemory at 0x7ff8497ab340 of 64 bytes failed: Only part of a ReadProcessMemory or WriteProcessMemory request was completed. (0x12B)
[1226/182156.111:ERROR:process_memory_win.cc(73)] ReadMemory at 0x7ffffc45eeac of 512 bytes failed: Only part of a ReadProcessMemory or WriteProcessMemory request was completed. (0x12B)
[1226/182156.111:ERROR:process_memory_win.cc(73)] ReadMemory at 0x7ffffee2eaf3 of 512 bytes failed: Only part of a ReadProcessMemory or WriteProcessMemory request was completed. (0x12B)
[1226/182156.118:ERROR:scoped_process_suspend.cc(40)] NtResumeProcess: An attempt was made to access an exiting process. (0xc000010a)
[1226/184028.098:ERROR:process_info.cc(359)] UncheckedAllocate
[1226/184532.257:ERROR:process_info.cc(359)] UncheckedAllocate
[1226/184532.285:ERROR:process_info.cc(359)] UncheckedAllocate
